2019-06-29 20:25:10 



















2019-06-29 20:25:10 MisterCoin Core version v0.16.3.0-69fce74-dirty (release build)
2019-06-29 20:25:10 InitParameterInteraction: parameter interaction: -connect set -> setting -dnsseed=0
2019-06-29 20:25:10 InitParameterInteraction: parameter interaction: -whitelistforcerelay=1 -> setting -whitelistrelay=1
2019-06-29 20:25:10 Assuming ancestors of block 9daee1f6d8b92c3fc8f71ab14c08d3dbbf919a8064d09bda20e64b00545d3899 have valid signatures.
2019-06-29 20:25:10 Setting nMinimumChainWork=0000000000000000000000000000000000000000000000000000000000000000
2019-06-29 20:25:10 Using the 'standard' SHA256 implementation
2019-06-29 20:25:10 Default data directory /root/.mistercoin
2019-06-29 20:25:10 Using data directory /root/.mistercoin
2019-06-29 20:25:10 Using config file /root/.mistercoin/mistercoin.conf
2019-06-29 20:25:10 Using at most 125 automatic connections (1048576 file descriptors available)
2019-06-29 20:25:10 Using 16 MiB out of 32/2 requested for signature cache, able to store 524288 elements
2019-06-29 20:25:10 Using 16 MiB out of 32/2 requested for script execution cache, able to store 524288 elements
2019-06-29 20:25:10 Using 0 threads for script verification
2019-06-29 20:25:10 libevent: getaddrinfo: address family for nodename not supported
2019-06-29 20:25:10 Binding RPC on address ::1 port 9332 failed.
2019-06-29 20:25:10 HTTP: creating work queue of depth 16
2019-06-29 20:25:10 Config options rpcuser and rpcpassword will soon be deprecated. Locally-run instances may remove rpcuser to use cookie-based auth, or may be replaced with rpcauth. Please see share/rpcuser for rpcauth auth generation.
2019-06-29 20:25:10 HTTP: starting 4 worker threads
2019-06-29 20:25:10 Using wallet directory /root/.mistercoin
2019-06-29 20:25:10 init message: Verifying wallet(s)...
2019-06-29 20:25:10 Using BerkeleyDB version Berkeley DB 4.8.30: (April  9, 2010)
2019-06-29 20:25:10 Using wallet wallet.dat
2019-06-29 20:25:10 CDBEnv::Open: LogDir=/root/.mistercoin/database ErrorFile=/root/.mistercoin/db.log
2019-06-29 20:25:10 scheduler thread start
2019-06-29 20:25:10 Cache configuration:
2019-06-29 20:25:10 * Using 2.0MiB for block index database
2019-06-29 20:25:10 * Using 8.0MiB for chain state database
2019-06-29 20:25:10 * Using 440.0MiB for in-memory UTXO set (plus up to 286.1MiB of unused mempool space)
2019-06-29 20:25:10 init message: Loading block index...
2019-06-29 20:25:10 Opening LevelDB in /root/.mistercoin/blocks/index
2019-06-29 20:25:10 Opened LevelDB successfully
2019-06-29 20:25:10 Using obfuscation key for /root/.mistercoin/blocks/index: 0000000000000000
2019-06-29 20:25:10 LoadBlockIndexDB: last block file = 0
2019-06-29 20:25:10 LoadBlockIndexDB: last block file info: CBlockFileInfo(blocks=0, size=0, heights=0...0, time=1970-01-01...1970-01-01)
2019-06-29 20:25:10 Checking all blk files are present...
2019-06-29 20:25:10 LoadBlockIndexDB: transaction index disabled
2019-06-29 20:25:10 Initializing databases...
2019-06-29 20:25:10 Pre-allocating up to position 0x1000000 in blk00000.dat
2019-06-29 20:25:10 Opening LevelDB in /root/.mistercoin/chainstate
2019-06-29 20:25:10 Opened LevelDB successfully
2019-06-29 20:25:10 Wrote new obfuscate key for /root/.mistercoin/chainstate: 360f3dd435686a9e
2019-06-29 20:25:10 Using obfuscation key for /root/.mistercoin/chainstate: 360f3dd435686a9e
2019-06-29 20:25:10 init message: Rewinding blocks...
2019-06-29 20:25:10  block index              35ms
2019-06-29 20:25:10 init message: Loading wallet...
2019-06-29 20:25:10 nFileVersion = 160300
2019-06-29 20:25:10 Keys: 0 plaintext, 0 encrypted, 0 w/ metadata, 0 total
2019-06-29 20:25:10 Performing wallet upgrade to 60000
2019-06-29 20:25:14 keypool added 2000 keys (1000 internal), size=2000 (1000 internal)
2019-06-29 20:25:14  wallet                 4221ms
2019-06-29 20:25:14 setKeyPool.size() = 2000
2019-06-29 20:25:14 mapWallet.size() = 0
2019-06-29 20:25:14 mapAddressBook.size() = 0
2019-06-29 20:25:14 UpdateTip: new best=9daee1f6d8b92c3fc8f71ab14c08d3dbbf919a8064d09bda20e64b00545d3899 height=0 version=0x00000001 log2_work=20.000022 tx=1 date='2019-06-29 19:44:04' progress=0.000000 cache=0.0MiB(0txo)
2019-06-29 20:25:14 mapBlockIndex.size() = 1
2019-06-29 20:25:14 nBestHeight = 0
2019-06-29 20:25:14 Bound to 172.18.0.4:6920
2019-06-29 20:25:14 init message: Loading P2P addresses...
2019-06-29 20:25:14 ERROR: DeserializeFileDB: Failed to open file /root/.mistercoin/peers.dat
2019-06-29 20:25:14 Invalid or missing peers.dat; recreating
2019-06-29 20:25:14 Failed to open mempool file from disk. Continuing anyway.
2019-06-29 20:25:14 torcontrol thread start
2019-06-29 20:25:14 init message: Loading banlist...
2019-06-29 20:25:14 ERROR: DeserializeFileDB: Failed to open file /root/.mistercoin/banlist.dat
2019-06-29 20:25:14 Invalid or missing banlist.dat; recreating
2019-06-29 20:25:14 init message: Starting network threads...
2019-06-29 20:25:14 DNS seeding disabled
2019-06-29 20:25:14 init message: Done loading
2019-06-29 20:25:14 msghand thread start
2019-06-29 20:25:14 addcon thread start
2019-06-29 20:25:14 connect() to 172.18.0.1:6920 failed after select(): Connection refused (111)
2019-06-29 20:25:14 net thread start
2019-06-29 20:25:15 connect() to 172.18.0.2:6920 failed after select(): Connection refused (111)
2019-06-29 20:25:15 Leaving InitialBlockDownload (latching to false)
2019-06-29 20:25:15 New outbound peer connected: version: 70015, blocks=0, peer=0
2019-06-29 20:25:16 New outbound peer connected: version: 70015, blocks=0, peer=1
2019-06-29 20:26:16 connect() to 172.18.0.1:6920 failed after select(): Connection refused (111)
2019-06-29 20:26:20 connect() to 172.18.0.2:6920 failed after select(): No route to host (113)
