2019-06-29 20:25:12 



















2019-06-29 20:25:12 MisterCoin Core version v0.16.3.0-69fce74-dirty (release build)
2019-06-29 20:25:12 InitParameterInteraction: parameter interaction: -connect set -> setting -dnsseed=0
2019-06-29 20:25:12 InitParameterInteraction: parameter interaction: -whitelistforcerelay=1 -> setting -whitelistrelay=1
2019-06-29 20:25:12 Assuming ancestors of block 9daee1f6d8b92c3fc8f71ab14c08d3dbbf919a8064d09bda20e64b00545d3899 have valid signatures.
2019-06-29 20:25:12 Setting nMinimumChainWork=0000000000000000000000000000000000000000000000000000000000000000
2019-06-29 20:25:12 Using the 'standard' SHA256 implementation
2019-06-29 20:25:12 Default data directory /root/.mistercoin
2019-06-29 20:25:12 Using data directory /root/.mistercoin
2019-06-29 20:25:12 Using config file /root/.mistercoin/mistercoin.conf
2019-06-29 20:25:12 Using at most 125 automatic connections (1048576 file descriptors available)
2019-06-29 20:25:12 Using 16 MiB out of 32/2 requested for signature cache, able to store 524288 elements
2019-06-29 20:25:12 Using 16 MiB out of 32/2 requested for script execution cache, able to store 524288 elements
2019-06-29 20:25:12 Using 0 threads for script verification
2019-06-29 20:25:12 libevent: getaddrinfo: address family for nodename not supported
2019-06-29 20:25:12 Binding RPC on address ::1 port 9332 failed.
2019-06-29 20:25:12 HTTP: creating work queue of depth 16
2019-06-29 20:25:12 Config options rpcuser and rpcpassword will soon be deprecated. Locally-run instances may remove rpcuser to use cookie-based auth, or may be replaced with rpcauth. Please see share/rpcuser for rpcauth auth generation.
2019-06-29 20:25:12 HTTP: starting 4 worker threads
2019-06-29 20:25:12 Using wallet directory /root/.mistercoin
2019-06-29 20:25:12 init message: Verifying wallet(s)...
2019-06-29 20:25:12 Using BerkeleyDB version Berkeley DB 4.8.30: (April  9, 2010)
2019-06-29 20:25:12 Using wallet wallet.dat
2019-06-29 20:25:12 CDBEnv::Open: LogDir=/root/.mistercoin/database ErrorFile=/root/.mistercoin/db.log
2019-06-29 20:25:12 scheduler thread start
2019-06-29 20:25:12 Cache configuration:
2019-06-29 20:25:12 * Using 2.0MiB for block index database
2019-06-29 20:25:12 * Using 8.0MiB for chain state database
2019-06-29 20:25:12 * Using 440.0MiB for in-memory UTXO set (plus up to 286.1MiB of unused mempool space)
2019-06-29 20:25:12 init message: Loading block index...
2019-06-29 20:25:12 Opening LevelDB in /root/.mistercoin/blocks/index
2019-06-29 20:25:12 Opened LevelDB successfully
2019-06-29 20:25:12 Using obfuscation key for /root/.mistercoin/blocks/index: 0000000000000000
2019-06-29 20:25:12 LoadBlockIndexDB: last block file = 0
2019-06-29 20:25:12 LoadBlockIndexDB: last block file info: CBlockFileInfo(blocks=0, size=0, heights=0...0, time=1970-01-01...1970-01-01)
2019-06-29 20:25:12 Checking all blk files are present...
2019-06-29 20:25:12 LoadBlockIndexDB: transaction index disabled
2019-06-29 20:25:12 Initializing databases...
2019-06-29 20:25:12 Pre-allocating up to position 0x1000000 in blk00000.dat
2019-06-29 20:25:12 Opening LevelDB in /root/.mistercoin/chainstate
2019-06-29 20:25:12 Opened LevelDB successfully
2019-06-29 20:25:12 Wrote new obfuscate key for /root/.mistercoin/chainstate: d61b3f6d02a446e8
2019-06-29 20:25:12 Using obfuscation key for /root/.mistercoin/chainstate: d61b3f6d02a446e8
2019-06-29 20:25:12 init message: Rewinding blocks...
2019-06-29 20:25:12  block index              50ms
2019-06-29 20:25:12 init message: Loading wallet...
2019-06-29 20:25:12 nFileVersion = 160300
2019-06-29 20:25:12 Keys: 0 plaintext, 0 encrypted, 0 w/ metadata, 0 total
2019-06-29 20:25:12 Performing wallet upgrade to 60000
2019-06-29 20:25:15 keypool added 2000 keys (1000 internal), size=2000 (1000 internal)
2019-06-29 20:25:15  wallet                 3357ms
2019-06-29 20:25:15 setKeyPool.size() = 2000
2019-06-29 20:25:15 mapWallet.size() = 0
2019-06-29 20:25:15 mapAddressBook.size() = 0
2019-06-29 20:25:15 UpdateTip: new best=9daee1f6d8b92c3fc8f71ab14c08d3dbbf919a8064d09bda20e64b00545d3899 height=0 version=0x00000001 log2_work=20.000022 tx=1 date='2019-06-29 19:44:04' progress=0.000000 cache=0.0MiB(0txo)
2019-06-29 20:25:15 mapBlockIndex.size() = 1
2019-06-29 20:25:15 nBestHeight = 0
2019-06-29 20:25:15 Bound to 172.18.0.3:6920
2019-06-29 20:25:15 init message: Loading P2P addresses...
2019-06-29 20:25:15 ERROR: DeserializeFileDB: Failed to open file /root/.mistercoin/peers.dat
2019-06-29 20:25:15 Invalid or missing peers.dat; recreating
2019-06-29 20:25:15 Failed to open mempool file from disk. Continuing anyway.
2019-06-29 20:25:15 torcontrol thread start
2019-06-29 20:25:15 init message: Loading banlist...
2019-06-29 20:25:15 ERROR: DeserializeFileDB: Failed to open file /root/.mistercoin/banlist.dat
2019-06-29 20:25:15 Invalid or missing banlist.dat; recreating
2019-06-29 20:25:15 init message: Starting network threads...
2019-06-29 20:25:15 DNS seeding disabled
2019-06-29 20:25:15 init message: Done loading
2019-06-29 20:25:15 msghand thread start
2019-06-29 20:25:15 addcon thread start
2019-06-29 20:25:15 connect() to 172.18.0.1:6920 failed after select(): Connection refused (111)
2019-06-29 20:25:15 net thread start
2019-06-29 20:25:15 Leaving InitialBlockDownload (latching to false)
2019-06-29 20:25:16 New outbound peer connected: version: 70015, blocks=0, peer=2
2019-06-29 20:25:16 New outbound peer connected: version: 70015, blocks=0, peer=4
2019-06-29 20:25:17 New outbound peer connected: version: 70015, blocks=0, peer=5
2019-06-29 22:50:05 



















2019-06-29 22:50:05 MisterCoin Core version v0.16.3.0-69fce74-dirty (release build)
2019-06-29 22:50:05 InitParameterInteraction: parameter interaction: -connect set -> setting -dnsseed=0
2019-06-29 22:50:05 InitParameterInteraction: parameter interaction: -whitelistforcerelay=1 -> setting -whitelistrelay=1
2019-06-29 22:50:05 Assuming ancestors of block 9daee1f6d8b92c3fc8f71ab14c08d3dbbf919a8064d09bda20e64b00545d3899 have valid signatures.
2019-06-29 22:50:05 Setting nMinimumChainWork=0000000000000000000000000000000000000000000000000000000000000000
2019-06-29 22:50:05 Using the 'standard' SHA256 implementation
2019-06-29 22:50:05 Default data directory /root/.mistercoin
2019-06-29 22:50:05 Using data directory /root/.mistercoin
2019-06-29 22:50:05 Using config file /root/.mistercoin/mistercoin.conf
2019-06-29 22:50:05 Using at most 125 automatic connections (1048576 file descriptors available)
2019-06-29 22:50:05 Using 16 MiB out of 32/2 requested for signature cache, able to store 524288 elements
2019-06-29 22:50:05 Using 16 MiB out of 32/2 requested for script execution cache, able to store 524288 elements
2019-06-29 22:50:05 Using 0 threads for script verification
2019-06-29 22:50:05 libevent: getaddrinfo: address family for nodename not supported
2019-06-29 22:50:05 Binding RPC on address ::1 port 9332 failed.
2019-06-29 22:50:05 HTTP: creating work queue of depth 16
2019-06-29 22:50:05 Config options rpcuser and rpcpassword will soon be deprecated. Locally-run instances may remove rpcuser to use cookie-based auth, or may be replaced with rpcauth. Please see share/rpcuser for rpcauth auth generation.
2019-06-29 22:50:05 HTTP: starting 4 worker threads
2019-06-29 22:50:05 Using wallet directory /root/.mistercoin
2019-06-29 22:50:05 init message: Verifying wallet(s)...
2019-06-29 22:50:05 Using BerkeleyDB version Berkeley DB 4.8.30: (April  9, 2010)
2019-06-29 22:50:05 Using wallet wallet.dat
2019-06-29 22:50:05 CDBEnv::Open: LogDir=/root/.mistercoin/database ErrorFile=/root/.mistercoin/db.log
2019-06-29 22:50:06 scheduler thread start
2019-06-29 22:50:06 Cache configuration:
2019-06-29 22:50:06 * Using 2.0MiB for block index database
2019-06-29 22:50:06 * Using 8.0MiB for chain state database
2019-06-29 22:50:06 * Using 440.0MiB for in-memory UTXO set (plus up to 286.1MiB of unused mempool space)
2019-06-29 22:50:06 init message: Loading block index...
2019-06-29 22:50:06 Opening LevelDB in /root/.mistercoin/blocks/index
2019-06-29 22:50:06 Opened LevelDB successfully
2019-06-29 22:50:06 Using obfuscation key for /root/.mistercoin/blocks/index: 0000000000000000
2019-06-29 22:50:06 LoadBlockIndexDB: last block file = 0
2019-06-29 22:50:06 LoadBlockIndexDB: last block file info: CBlockFileInfo(blocks=0, size=0, heights=0...0, time=1970-01-01...1970-01-01)
2019-06-29 22:50:06 Checking all blk files are present...
2019-06-29 22:50:06 LoadBlockIndexDB: transaction index disabled
2019-06-29 22:50:06 Initializing databases...
2019-06-29 22:50:06 Pre-allocating up to position 0x1000000 in blk00000.dat
2019-06-29 22:50:06 Opening LevelDB in /root/.mistercoin/chainstate
2019-06-29 22:50:06 Opened LevelDB successfully
2019-06-29 22:50:06 Using obfuscation key for /root/.mistercoin/chainstate: d61b3f6d02a446e8
2019-06-29 22:50:06 init message: Rewinding blocks...
2019-06-29 22:50:06  block index             154ms
2019-06-29 22:50:06 init message: Loading wallet...
2019-06-29 22:50:06 nFileVersion = 160300
2019-06-29 22:50:06 Keys: 2001 plaintext, 0 encrypted, 2001 w/ metadata, 2001 total
2019-06-29 22:50:06  wallet                   59ms
2019-06-29 22:50:06 setKeyPool.size() = 2000
2019-06-29 22:50:06 mapWallet.size() = 0
2019-06-29 22:50:06 mapAddressBook.size() = 0
2019-06-29 22:50:06 UpdateTip: new best=9daee1f6d8b92c3fc8f71ab14c08d3dbbf919a8064d09bda20e64b00545d3899 height=0 version=0x00000001 log2_work=20.000022 tx=1 date='2019-06-29 19:44:04' progress=0.000000 cache=0.0MiB(0txo)
2019-06-29 22:50:06 mapBlockIndex.size() = 1
2019-06-29 22:50:06 nBestHeight = 0
2019-06-29 22:50:06 Bound to 172.18.0.3:6920
2019-06-29 22:50:06 init message: Loading P2P addresses...
2019-06-29 22:50:06 Loaded 0 addresses from peers.dat  0ms
2019-06-29 22:50:06 init message: Loading banlist...
2019-06-29 22:50:06 init message: Starting network threads...
2019-06-29 22:50:06 DNS seeding disabled
2019-06-29 22:50:06 init message: Done loading
2019-06-29 22:50:06 Failed to open mempool file from disk. Continuing anyway.
2019-06-29 22:50:06 msghand thread start
2019-06-29 22:50:06 addcon thread start
2019-06-29 22:50:06 net thread start
2019-06-29 22:50:06 connect() to 172.18.0.1:6920 failed after select(): Connection refused (111)
2019-06-29 22:50:06 torcontrol thread start
2019-06-29 22:50:06 Leaving InitialBlockDownload (latching to false)
2019-06-29 22:50:06 New outbound peer connected: version: 70015, blocks=0, peer=1
2019-06-29 22:50:07 New outbound peer connected: version: 70015, blocks=0, peer=3
2019-06-29 22:50:07 New outbound peer connected: version: 70015, blocks=0, peer=4
2019-06-29 22:51:08 connect() to 172.18.0.1:6920 failed after select(): Connection refused (111)
2019-06-29 22:52:08 connect() to 172.18.0.1:6920 failed after select(): Connection refused (111)
2019-06-29 22:53:09 connect() to 172.18.0.1:6920 failed after select(): Connection refused (111)
2019-06-29 22:54:09 connect() to 172.18.0.1:6920 failed after select(): Connection refused (111)
